[0.017s] Invoking command in '/home/pat-server/Documents/urdf_example/build/urdf_example': CMAKE_PREFIX_PATH=${CMAKE_PREFIX_PATH}:/opt/ros/humble /usr/bin/cmake --build /home/pat-server/Documents/urdf_example/build/urdf_example -- -j8 -l8
[0.084s] Invoked command in '/home/pat-server/Documents/urdf_example/build/urdf_example' returned '0': CMAKE_PREFIX_PATH=${CMAKE_PREFIX_PATH}:/opt/ros/humble /usr/bin/cmake --build /home/pat-server/Documents/urdf_example/build/urdf_example -- -j8 -l8
[0.117s] Invoking command in '/home/pat-server/Documents/urdf_example/build/urdf_example': CMAKE_PREFIX_PATH=${CMAKE_PREFIX_PATH}:/opt/ros/humble /usr/bin/cmake --install /home/pat-server/Documents/urdf_example/build/urdf_example
[0.127s] -- Install configuration: ""
[0.127s] -- Up-to-date: /home/pat-server/Documents/urdf_example/install/urdf_example/share/urdf_example/description
[0.128s] -- Up-to-date: /home/pat-server/Documents/urdf_example/install/urdf_example/share/urdf_example/description/materials.xacro
[0.128s] -- Up-to-date: /home/pat-server/Documents/urdf_example/install/urdf_example/share/urdf_example/description/PutArmiurdf.trans
[0.128s] -- Up-to-date: /home/pat-server/Documents/urdf_example/install/urdf_example/share/urdf_example/description/PutArmiurdf.gazebo
[0.129s] -- Up-to-date: /home/pat-server/Documents/urdf_example/install/urdf_example/share/urdf_example/description/example_gazebo.xacro
[0.129s] -- Up-to-date: /home/pat-server/Documents/urdf_example/install/urdf_example/share/urdf_example/description/example_include.xacro
[0.129s] -- Installing: /home/pat-server/Documents/urdf_example/install/urdf_example/share/urdf_example/description/example_robot.urdf.xacro
[0.129s] -- Up-to-date: /home/pat-server/Documents/urdf_example/install/urdf_example/share/urdf_example/launch
[0.129s] -- Up-to-date: /home/pat-server/Documents/urdf_example/install/urdf_example/share/urdf_example/launch/rsp_sim.launch.py
[0.130s] -- Up-to-date: /home/pat-server/Documents/urdf_example/install/urdf_example/share/urdf_example/launch/rsp.launch.py
[0.130s] -- Up-to-date: /home/pat-server/Documents/urdf_example/install/urdf_example/share/urdf_example/worlds
[0.130s] -- Up-to-date: /home/pat-server/Documents/urdf_example/install/urdf_example/share/urdf_example/worlds/test_world.world
[0.130s] -- Up-to-date: /home/pat-server/Documents/urdf_example/install/urdf_example/share/urdf_example/meshes
[0.130s] -- Up-to-date: /home/pat-server/Documents/urdf_example/install/urdf_example/share/urdf_example/meshes/3_AXIS_3_1.stl
[0.131s] -- Up-to-date: /home/pat-server/Documents/urdf_example/install/urdf_example/share/urdf_example/meshes/2_AXIS_2_1.stl
[0.131s] -- Up-to-date: /home/pat-server/Documents/urdf_example/install/urdf_example/share/urdf_example/meshes/1_AXIS_1_1.stl
[0.132s] -- Up-to-date: /home/pat-server/Documents/urdf_example/install/urdf_example/share/urdf_example/meshes/base_link.stl
[0.133s] -- Up-to-date: /home/pat-server/Documents/urdf_example/install/urdf_example/share/urdf_example/meshes/4_AXIS_4_1.stl
[0.133s] -- Up-to-date: /home/pat-server/Documents/urdf_example/install/urdf_example/share/ament_index/resource_index/package_run_dependencies/urdf_example
[0.134s] -- Up-to-date: /home/pat-server/Documents/urdf_example/install/urdf_example/share/ament_index/resource_index/parent_prefix_path/urdf_example
[0.135s] -- Up-to-date: /home/pat-server/Documents/urdf_example/install/urdf_example/share/urdf_example/environment/ament_prefix_path.sh
[0.135s] -- Up-to-date: /home/pat-server/Documents/urdf_example/install/urdf_example/share/urdf_example/environment/ament_prefix_path.dsv
[0.135s] -- Up-to-date: /home/pat-server/Documents/urdf_example/install/urdf_example/share/urdf_example/environment/path.sh
[0.135s] -- Up-to-date: /home/pat-server/Documents/urdf_example/install/urdf_example/share/urdf_example/environment/path.dsv
[0.136s] -- Up-to-date: /home/pat-server/Documents/urdf_example/install/urdf_example/share/urdf_example/local_setup.bash
[0.137s] -- Up-to-date: /home/pat-server/Documents/urdf_example/install/urdf_example/share/urdf_example/local_setup.sh
[0.137s] -- Up-to-date: /home/pat-server/Documents/urdf_example/install/urdf_example/share/urdf_example/local_setup.zsh
[0.137s] -- Up-to-date: /home/pat-server/Documents/urdf_example/install/urdf_example/share/urdf_example/local_setup.dsv
[0.138s] -- Installing: /home/pat-server/Documents/urdf_example/install/urdf_example/share/urdf_example/package.dsv
[0.138s] -- Up-to-date: /home/pat-server/Documents/urdf_example/install/urdf_example/share/ament_index/resource_index/packages/urdf_example
[0.139s] -- Up-to-date: /home/pat-server/Documents/urdf_example/install/urdf_example/share/urdf_example/cmake/urdf_exampleConfig.cmake
[0.139s] -- Up-to-date: /home/pat-server/Documents/urdf_example/install/urdf_example/share/urdf_example/cmake/urdf_exampleConfig-version.cmake
[0.141s] -- Up-to-date: /home/pat-server/Documents/urdf_example/install/urdf_example/share/urdf_example/package.xml
[0.141s] Invoked command in '/home/pat-server/Documents/urdf_example/build/urdf_example' returned '0': CMAKE_PREFIX_PATH=${CMAKE_PREFIX_PATH}:/opt/ros/humble /usr/bin/cmake --install /home/pat-server/Documents/urdf_example/build/urdf_example
