[0.708s] DEBUG:colcon:Command line arguments: ['/usr/bin/colcon', 'build']
[0.708s] DEBUG:colcon:Parsed command line arguments: Namespace(log_base=None, log_level=None, verb_name='build', build_base='build', install_base='install', merge_install=False, symlink_install=False, test_result_base=None, continue_on_error=False, executor='parallel', parallel_workers=4, event_handlers=None, ignore_user_meta=False, metas=['./colcon.meta'], base_paths=['.'], packages_ignore=None, packages_ignore_regex=None, paths=None, packages_up_to=None, packages_up_to_regex=None, packages_above=None, packages_above_and_dependencies=None, packages_above_depth=None, packages_select_by_dep=None, packages_skip_by_dep=None, packages_skip_up_to=None, packages_select_build_failed=False, packages_skip_build_finished=False, packages_select_test_failures=False, packages_skip_test_passed=False, packages_select=None, packages_skip=None, packages_select_regex=None, packages_skip_regex=None, packages_start=None, packages_end=None, allow_overriding=[], cmake_args=None, cmake_target=None, cmake_target_skip_unavailable=False, cmake_clean_cache=False, cmake_clean_first=False, cmake_force_configure=False, ament_cmake_args=None, catkin_cmake_args=None, catkin_skip_building_tests=False, verb_parser=<colcon_defaults.argument_parser.defaults.DefaultArgumentsDecorator object at 0x7fa2e827ed40>, verb_extension=<colcon_core.verb.build.BuildVerb object at 0x7fa2e8b07430>, main=<bound method BuildVerb.main of <colcon_core.verb.build.BuildVerb object at 0x7fa2e8b07430>>)
[0.768s] Level 1:colcon.colcon_core.package_discovery:discover_packages(colcon_meta) check parameters
[0.768s] Level 1:colcon.colcon_core.package_discovery:discover_packages(recursive) check parameters
[0.768s] Level 1:colcon.colcon_core.package_discovery:discover_packages(ignore) check parameters
[0.768s] Level 1:colcon.colcon_core.package_discovery:discover_packages(path) check parameters
[0.769s] Level 1:colcon.colcon_core.package_discovery:discover_packages(colcon_meta) discover
[0.769s] Level 1:colcon.colcon_core.package_discovery:discover_packages(recursive) discover
[0.769s] INFO:colcon.colcon_core.package_discovery:Crawling recursively for packages in '/home/putacrot/Documents/Putarm/urdf_example'
[0.769s] Level 1:colcon.colcon_core.package_identification:_identify(.) by extensions ['ignore', 'ignore_ament_install']
[0.769s] Level 1:colcon.colcon_core.package_identification:_identify(.) by extension 'ignore'
[0.769s] Level 1:colcon.colcon_core.package_identification:_identify(.) by extension 'ignore_ament_install'
[0.769s] Level 1:colcon.colcon_core.package_identification:_identify(.) by extensions ['colcon_pkg']
[0.769s] Level 1:colcon.colcon_core.package_identification:_identify(.) by extension 'colcon_pkg'
[0.769s] Level 1:colcon.colcon_core.package_identification:_identify(.) by extensions ['colcon_meta']
[0.769s] Level 1:colcon.colcon_core.package_identification:_identify(.) by extension 'colcon_meta'
[0.769s] Level 1:colcon.colcon_core.package_identification:_identify(.) by extensions ['ros']
[0.769s] Level 1:colcon.colcon_core.package_identification:_identify(.) by extension 'ros'
[0.788s] DEBUG:colcon.colcon_core.package_identification:Package '.' with type 'ros.ament_cmake' and name 'urdf_example'
[0.789s] Level 1:colcon.colcon_core.package_discovery:discover_packages(recursive) using defaults
[0.789s] Level 1:colcon.colcon_core.package_discovery:discover_packages(ignore) discover
[0.789s] Level 1:colcon.colcon_core.package_discovery:discover_packages(ignore) using defaults
[0.789s] Level 1:colcon.colcon_core.package_discovery:discover_packages(path) discover
[0.789s] Level 1:colcon.colcon_core.package_discovery:discover_packages(path) using defaults
[0.832s] Level 1:colcon.colcon_core.package_discovery:discover_packages(prefix_path) check parameters
[0.832s] Level 1:colcon.colcon_core.package_discovery:discover_packages(prefix_path) discover
[0.838s] DEBUG:colcon.colcon_installed_package_information.package_discovery:Found 1 installed packages in /home/putacrot/Documents/Putarm/urdf_example/install
[0.840s] DEBUG:colcon.colcon_installed_package_information.package_discovery:Found 273 installed packages in /opt/ros/humble
[0.842s] Level 1:colcon.colcon_core.package_discovery:discover_packages(prefix_path) using defaults
[0.911s] Level 5:colcon.colcon_core.verb:set package 'urdf_example' build argument 'cmake_args' from command line to 'None'
[0.911s] Level 5:colcon.colcon_core.verb:set package 'urdf_example' build argument 'cmake_target' from command line to 'None'
[0.911s] Level 5:colcon.colcon_core.verb:set package 'urdf_example' build argument 'cmake_target_skip_unavailable' from command line to 'False'
[0.911s] Level 5:colcon.colcon_core.verb:set package 'urdf_example' build argument 'cmake_clean_cache' from command line to 'False'
[0.911s] Level 5:colcon.colcon_core.verb:set package 'urdf_example' build argument 'cmake_clean_first' from command line to 'False'
[0.911s] Level 5:colcon.colcon_core.verb:set package 'urdf_example' build argument 'cmake_force_configure' from command line to 'False'
[0.911s] Level 5:colcon.colcon_core.verb:set package 'urdf_example' build argument 'ament_cmake_args' from command line to 'None'
[0.911s] Level 5:colcon.colcon_core.verb:set package 'urdf_example' build argument 'catkin_cmake_args' from command line to 'None'
[0.911s] Level 5:colcon.colcon_core.verb:set package 'urdf_example' build argument 'catkin_skip_building_tests' from command line to 'False'
[0.911s] DEBUG:colcon.colcon_core.verb:Building package 'urdf_example' with the following arguments: {'ament_cmake_args': None, 'build_base': '/home/putacrot/Documents/Putarm/urdf_example/build/urdf_example', 'catkin_cmake_args': None, 'catkin_skip_building_tests': False, 'cmake_args': None, 'cmake_clean_cache': False, 'cmake_clean_first': False, 'cmake_force_configure': False, 'cmake_target': None, 'cmake_target_skip_unavailable': False, 'install_base': '/home/putacrot/Documents/Putarm/urdf_example/install/urdf_example', 'merge_install': False, 'path': '/home/putacrot/Documents/Putarm/urdf_example', 'symlink_install': False, 'test_result_base': None}
[0.912s] INFO:colcon.colcon_core.executor:Executing jobs using 'parallel' executor
[0.920s] DEBUG:colcon.colcon_parallel_executor.executor.parallel:run_until_complete
[0.920s] INFO:colcon.colcon_ros.task.ament_cmake.build:Building ROS package in '/home/putacrot/Documents/Putarm/urdf_example' with build type 'ament_cmake'
[0.920s] INFO:colcon.colcon_cmake.task.cmake.build:Building CMake package in '/home/putacrot/Documents/Putarm/urdf_example'
[0.931s] INFO:colcon.colcon_core.plugin_system:Skipping extension 'colcon_core.shell.bat': Not used on non-Windows systems
[0.931s] INFO:colcon.colcon_core.shell:Skip shell extension 'powershell' for command environment: Not usable outside of PowerShell
[0.931s] DEBUG:colcon.colcon_core.shell:Skip shell extension 'dsv' for command environment
[0.941s] DEBUG:colcon.colcon_core.event_handler.log_command:Invoking command in '/home/putacrot/Documents/Putarm/urdf_example/build/urdf_example': CMAKE_PREFIX_PATH=${CMAKE_PREFIX_PATH}:/opt/ros/humble /usr/bin/cmake /home/putacrot/Documents/Putarm/urdf_example -DCMAKE_INSTALL_PREFIX=/home/putacrot/Documents/Putarm/urdf_example/install/urdf_example
[1.949s] DEBUG:colcon.colcon_core.event_handler.log_command:Invoked command in '/home/putacrot/Documents/Putarm/urdf_example/build/urdf_example' returned '0': CMAKE_PREFIX_PATH=${CMAKE_PREFIX_PATH}:/opt/ros/humble /usr/bin/cmake /home/putacrot/Documents/Putarm/urdf_example -DCMAKE_INSTALL_PREFIX=/home/putacrot/Documents/Putarm/urdf_example/install/urdf_example
[1.952s] DEBUG:colcon.colcon_core.event_handler.log_command:Invoking command in '/home/putacrot/Documents/Putarm/urdf_example/build/urdf_example': CMAKE_PREFIX_PATH=${CMAKE_PREFIX_PATH}:/opt/ros/humble /usr/bin/cmake --build /home/putacrot/Documents/Putarm/urdf_example/build/urdf_example -- -j4 -l4
[1.991s] DEBUG:colcon.colcon_core.event_handler.log_command:Invoked command in '/home/putacrot/Documents/Putarm/urdf_example/build/urdf_example' returned '0': CMAKE_PREFIX_PATH=${CMAKE_PREFIX_PATH}:/opt/ros/humble /usr/bin/cmake --build /home/putacrot/Documents/Putarm/urdf_example/build/urdf_example -- -j4 -l4
[2.023s] DEBUG:colcon.colcon_core.event_handler.log_command:Invoking command in '/home/putacrot/Documents/Putarm/urdf_example/build/urdf_example': CMAKE_PREFIX_PATH=${CMAKE_PREFIX_PATH}:/opt/ros/humble /usr/bin/cmake --install /home/putacrot/Documents/Putarm/urdf_example/build/urdf_example
[2.035s] Level 1:colcon.colcon_core.environment:create_environment_scripts_only(urdf_example)
[2.036s] DEBUG:colcon.colcon_core.event_handler.log_command:Invoked command in '/home/putacrot/Documents/Putarm/urdf_example/build/urdf_example' returned '0': CMAKE_PREFIX_PATH=${CMAKE_PREFIX_PATH}:/opt/ros/humble /usr/bin/cmake --install /home/putacrot/Documents/Putarm/urdf_example/build/urdf_example
[2.047s] Level 1:colcon.colcon_core.environment:checking '/home/putacrot/Documents/Putarm/urdf_example/install/urdf_example' for CMake module files
[2.048s] Level 1:colcon.colcon_core.environment:checking '/home/putacrot/Documents/Putarm/urdf_example/install/urdf_example' for CMake config files
[2.048s] Level 1:colcon.colcon_core.shell:create_environment_hook('urdf_example', 'cmake_prefix_path')
[2.052s] INFO:colcon.colcon_core.shell:Creating environment hook '/home/putacrot/Documents/Putarm/urdf_example/install/urdf_example/share/urdf_example/hook/cmake_prefix_path.ps1'
[2.053s] INFO:colcon.colcon_core.shell:Creating environment descriptor '/home/putacrot/Documents/Putarm/urdf_example/install/urdf_example/share/urdf_example/hook/cmake_prefix_path.dsv'
[2.053s] INFO:colcon.colcon_core.shell:Creating environment hook '/home/putacrot/Documents/Putarm/urdf_example/install/urdf_example/share/urdf_example/hook/cmake_prefix_path.sh'
[2.055s] Level 1:colcon.colcon_core.environment:checking '/home/putacrot/Documents/Putarm/urdf_example/install/urdf_example/bin'
[2.055s] Level 1:colcon.colcon_core.environment:checking '/home/putacrot/Documents/Putarm/urdf_example/install/urdf_example/lib/pkgconfig/urdf_example.pc'
[2.055s] Level 1:colcon.colcon_core.environment:checking '/home/putacrot/Documents/Putarm/urdf_example/install/urdf_example/lib/python3.10/site-packages'
[2.055s] Level 1:colcon.colcon_core.environment:checking '/home/putacrot/Documents/Putarm/urdf_example/install/urdf_example/bin'
[2.058s] INFO:colcon.colcon_core.shell:Creating package script '/home/putacrot/Documents/Putarm/urdf_example/install/urdf_example/share/urdf_example/package.ps1'
[2.059s] INFO:colcon.colcon_core.shell:Creating package descriptor '/home/putacrot/Documents/Putarm/urdf_example/install/urdf_example/share/urdf_example/package.dsv'
[2.060s] INFO:colcon.colcon_core.shell:Creating package script '/home/putacrot/Documents/Putarm/urdf_example/install/urdf_example/share/urdf_example/package.sh'
[2.061s] INFO:colcon.colcon_core.shell:Creating package script '/home/putacrot/Documents/Putarm/urdf_example/install/urdf_example/share/urdf_example/package.bash'
[2.062s] INFO:colcon.colcon_core.shell:Creating package script '/home/putacrot/Documents/Putarm/urdf_example/install/urdf_example/share/urdf_example/package.zsh'
[2.063s] Level 1:colcon.colcon_core.environment:create_file_with_runtime_dependencies(/home/putacrot/Documents/Putarm/urdf_example/install/urdf_example/share/colcon-core/packages/urdf_example)
[2.088s] Level 1:colcon.colcon_core.environment:create_environment_scripts_only(urdf_example)
[2.092s] Level 1:colcon.colcon_core.environment:checking '/home/putacrot/Documents/Putarm/urdf_example/install/urdf_example' for CMake module files
[2.093s] Level 1:colcon.colcon_core.environment:checking '/home/putacrot/Documents/Putarm/urdf_example/install/urdf_example' for CMake config files
[2.093s] Level 1:colcon.colcon_core.shell:create_environment_hook('urdf_example', 'cmake_prefix_path')
[2.096s] INFO:colcon.colcon_core.shell:Creating environment hook '/home/putacrot/Documents/Putarm/urdf_example/install/urdf_example/share/urdf_example/hook/cmake_prefix_path.ps1'
[2.096s] INFO:colcon.colcon_core.shell:Creating environment descriptor '/home/putacrot/Documents/Putarm/urdf_example/install/urdf_example/share/urdf_example/hook/cmake_prefix_path.dsv'
[2.097s] INFO:colcon.colcon_core.shell:Creating environment hook '/home/putacrot/Documents/Putarm/urdf_example/install/urdf_example/share/urdf_example/hook/cmake_prefix_path.sh'
[2.097s] Level 1:colcon.colcon_core.environment:checking '/home/putacrot/Documents/Putarm/urdf_example/install/urdf_example/bin'
[2.097s] Level 1:colcon.colcon_core.environment:checking '/home/putacrot/Documents/Putarm/urdf_example/install/urdf_example/lib/pkgconfig/urdf_example.pc'
[2.098s] Level 1:colcon.colcon_core.environment:checking '/home/putacrot/Documents/Putarm/urdf_example/install/urdf_example/lib/python3.10/site-packages'
[2.098s] Level 1:colcon.colcon_core.environment:checking '/home/putacrot/Documents/Putarm/urdf_example/install/urdf_example/bin'
[2.101s] INFO:colcon.colcon_core.shell:Creating package script '/home/putacrot/Documents/Putarm/urdf_example/install/urdf_example/share/urdf_example/package.ps1'
[2.101s] INFO:colcon.colcon_core.shell:Creating package descriptor '/home/putacrot/Documents/Putarm/urdf_example/install/urdf_example/share/urdf_example/package.dsv'
[2.102s] INFO:colcon.colcon_core.shell:Creating package script '/home/putacrot/Documents/Putarm/urdf_example/install/urdf_example/share/urdf_example/package.sh'
[2.102s] INFO:colcon.colcon_core.shell:Creating package script '/home/putacrot/Documents/Putarm/urdf_example/install/urdf_example/share/urdf_example/package.bash'
[2.103s] INFO:colcon.colcon_core.shell:Creating package script '/home/putacrot/Documents/Putarm/urdf_example/install/urdf_example/share/urdf_example/package.zsh'
[2.103s] Level 1:colcon.colcon_core.environment:create_file_with_runtime_dependencies(/home/putacrot/Documents/Putarm/urdf_example/install/urdf_example/share/colcon-core/packages/urdf_example)
[2.103s] DEBUG:colcon.colcon_parallel_executor.executor.parallel:closing loop
[2.104s] DEBUG:colcon.colcon_parallel_executor.executor.parallel:loop closed
[2.104s] DEBUG:colcon.colcon_parallel_executor.executor.parallel:run_until_complete finished with '0'
[2.104s] DEBUG:colcon.colcon_core.event_reactor:joining thread
[2.111s] INFO:colcon.colcon_core.plugin_system:Skipping extension 'colcon_notification.desktop_notification.terminal_notifier': Not used on non-Darwin systems
[2.111s] INFO:colcon.colcon_core.plugin_system:Skipping extension 'colcon_notification.desktop_notification.win32': Not used on non-Windows systems
[2.111s] INFO:colcon.colcon_notification.desktop_notification:Sending desktop notification using 'notify2'
[2.135s] DEBUG:colcon.colcon_core.event_reactor:joined thread
[2.139s] INFO:colcon.colcon_core.shell:Creating prefix script '/home/putacrot/Documents/Putarm/urdf_example/install/local_setup.ps1'
[2.142s] INFO:colcon.colcon_core.shell:Creating prefix util module '/home/putacrot/Documents/Putarm/urdf_example/install/_local_setup_util_ps1.py'
[2.144s] INFO:colcon.colcon_core.shell:Creating prefix chain script '/home/putacrot/Documents/Putarm/urdf_example/install/setup.ps1'
[2.147s] INFO:colcon.colcon_core.shell:Creating prefix script '/home/putacrot/Documents/Putarm/urdf_example/install/local_setup.sh'
[2.149s] INFO:colcon.colcon_core.shell:Creating prefix util module '/home/putacrot/Documents/Putarm/urdf_example/install/_local_setup_util_sh.py'
[2.149s] INFO:colcon.colcon_core.shell:Creating prefix chain script '/home/putacrot/Documents/Putarm/urdf_example/install/setup.sh'
[2.152s] INFO:colcon.colcon_core.shell:Creating prefix script '/home/putacrot/Documents/Putarm/urdf_example/install/local_setup.bash'
[2.153s] INFO:colcon.colcon_core.shell:Creating prefix chain script '/home/putacrot/Documents/Putarm/urdf_example/install/setup.bash'
[2.156s] INFO:colcon.colcon_core.shell:Creating prefix script '/home/putacrot/Documents/Putarm/urdf_example/install/local_setup.zsh'
[2.157s] INFO:colcon.colcon_core.shell:Creating prefix chain script '/home/putacrot/Documents/Putarm/urdf_example/install/setup.zsh'
