[0.013s] Invoking command in '/home/pat-server/Documents/urdf_example/build/urdf_example': CMAKE_PREFIX_PATH=${CMAKE_PREFIX_PATH}:/opt/ros/humble /usr/bin/cmake /home/pat-server/Documents/urdf_example -DCMAKE_INSTALL_PREFIX=/home/pat-server/Documents/urdf_example/install/urdf_example
[0.083s] -- The C compiler identification is GNU 11.4.0
[0.151s] -- The CXX compiler identification is GNU 11.4.0
[0.162s] -- Detecting C compiler ABI info
[0.241s] -- Detecting C compiler ABI info - done
[0.252s] -- Check for working C compiler: /usr/bin/cc - skipped
[0.252s] -- Detecting C compile features
[0.253s] -- Detecting C compile features - done
[0.256s] -- Detecting CXX compiler ABI info
[0.347s] -- Detecting CXX compiler ABI info - done
[0.357s] -- Check for working CXX compiler: /usr/bin/c++ - skipped
[0.358s] -- Detecting CXX compile features
[0.358s] -- Detecting CXX compile features - done
[0.361s] -- Found ament_cmake: 1.3.5 (/opt/ros/humble/share/ament_cmake/cmake)
[0.568s] -- Found Python3: /usr/bin/python3.10 (found version "3.10.12") found components: Interpreter 
[0.689s] -- Found ament_lint_auto: 0.12.7 (/opt/ros/humble/share/ament_lint_auto/cmake)
[0.801s] -- Added test 'copyright' to check source files copyright and LICENSE
[0.815s] -- Added test 'cppcheck' to perform static code analysis on C / C++ code
[0.815s] -- Configured cppcheck include dirs: 
[0.815s] -- Configured cppcheck exclude dirs and/or files: 
[0.826s] -- Added test 'cpplint' to check C / C++ code against the Google style
[0.826s] -- Configured cpplint exclude dirs and/or files: 
[0.828s] -- Added test 'flake8' to check Python code syntax and style conventions
[0.831s] -- Added test 'lint_cmake' to check CMake code style
[0.833s] -- Added test 'pep257' to check Python code against some of the docstring style conventions in PEP 257
[0.845s] -- Added test 'uncrustify' to check C / C++ code style
[0.845s] -- Configured uncrustify additional arguments: 
[0.847s] -- Added test 'xmllint' to check XML markup files
[0.848s] -- Configuring done
[0.852s] -- Generating done
[0.853s] -- Build files have been written to: /home/pat-server/Documents/urdf_example/build/urdf_example
[0.858s] Invoked command in '/home/pat-server/Documents/urdf_example/build/urdf_example' returned '0': CMAKE_PREFIX_PATH=${CMAKE_PREFIX_PATH}:/opt/ros/humble /usr/bin/cmake /home/pat-server/Documents/urdf_example -DCMAKE_INSTALL_PREFIX=/home/pat-server/Documents/urdf_example/install/urdf_example
[0.861s] Invoking command in '/home/pat-server/Documents/urdf_example/build/urdf_example': CMAKE_PREFIX_PATH=${CMAKE_PREFIX_PATH}:/opt/ros/humble /usr/bin/cmake --build /home/pat-server/Documents/urdf_example/build/urdf_example -- -j8 -l8
[0.906s] Invoked command in '/home/pat-server/Documents/urdf_example/build/urdf_example' returned '0': CMAKE_PREFIX_PATH=${CMAKE_PREFIX_PATH}:/opt/ros/humble /usr/bin/cmake --build /home/pat-server/Documents/urdf_example/build/urdf_example -- -j8 -l8
[0.941s] Invoking command in '/home/pat-server/Documents/urdf_example/build/urdf_example': CMAKE_PREFIX_PATH=${CMAKE_PREFIX_PATH}:/opt/ros/humble /usr/bin/cmake --install /home/pat-server/Documents/urdf_example/build/urdf_example
[0.950s] -- Install configuration: ""
[0.950s] -- Installing: /home/pat-server/Documents/urdf_example/install/urdf_example/share/urdf_example/description
[0.950s] -- Installing: /home/pat-server/Documents/urdf_example/install/urdf_example/share/urdf_example/description/example_gazebo.xacro
[0.950s] -- Installing: /home/pat-server/Documents/urdf_example/install/urdf_example/share/urdf_example/description/example_include.xacro
[0.951s] -- Installing: /home/pat-server/Documents/urdf_example/install/urdf_example/share/urdf_example/description/example_robot.urdf.xacro
[0.951s] -- Installing: /home/pat-server/Documents/urdf_example/install/urdf_example/share/urdf_example/launch
[0.951s] -- Installing: /home/pat-server/Documents/urdf_example/install/urdf_example/share/urdf_example/launch/rsp_sim.launch.py
[0.951s] -- Installing: /home/pat-server/Documents/urdf_example/install/urdf_example/share/urdf_example/launch/rsp.launch.py
[0.951s] -- Installing: /home/pat-server/Documents/urdf_example/install/urdf_example/share/urdf_example/worlds
[0.952s] -- Installing: /home/pat-server/Documents/urdf_example/install/urdf_example/share/urdf_example/worlds/test_world.world
[0.952s] -- Installing: /home/pat-server/Documents/urdf_example/install/urdf_example/share/ament_index/resource_index/package_run_dependencies/urdf_example
[0.952s] -- Installing: /home/pat-server/Documents/urdf_example/install/urdf_example/share/ament_index/resource_index/parent_prefix_path/urdf_example
[0.952s] -- Installing: /home/pat-server/Documents/urdf_example/install/urdf_example/share/urdf_example/environment/ament_prefix_path.sh
[0.952s] -- Installing: /home/pat-server/Documents/urdf_example/install/urdf_example/share/urdf_example/environment/ament_prefix_path.dsv
[0.953s] -- Installing: /home/pat-server/Documents/urdf_example/install/urdf_example/share/urdf_example/environment/path.sh
[0.953s] -- Installing: /home/pat-server/Documents/urdf_example/install/urdf_example/share/urdf_example/environment/path.dsv
[0.953s] -- Installing: /home/pat-server/Documents/urdf_example/install/urdf_example/share/urdf_example/local_setup.bash
[0.953s] -- Installing: /home/pat-server/Documents/urdf_example/install/urdf_example/share/urdf_example/local_setup.sh
[0.954s] -- Installing: /home/pat-server/Documents/urdf_example/install/urdf_example/share/urdf_example/local_setup.zsh
[0.954s] -- Installing: /home/pat-server/Documents/urdf_example/install/urdf_example/share/urdf_example/local_setup.dsv
[0.954s] -- Installing: /home/pat-server/Documents/urdf_example/install/urdf_example/share/urdf_example/package.dsv
[0.954s] -- Installing: /home/pat-server/Documents/urdf_example/install/urdf_example/share/ament_index/resource_index/packages/urdf_example
[0.955s] -- Installing: /home/pat-server/Documents/urdf_example/install/urdf_example/share/urdf_example/cmake/urdf_exampleConfig.cmake
[0.955s] -- Installing: /home/pat-server/Documents/urdf_example/install/urdf_example/share/urdf_example/cmake/urdf_exampleConfig-version.cmake
[0.955s] -- Installing: /home/pat-server/Documents/urdf_example/install/urdf_example/share/urdf_example/package.xml
[0.958s] Invoked command in '/home/pat-server/Documents/urdf_example/build/urdf_example' returned '0': CMAKE_PREFIX_PATH=${CMAKE_PREFIX_PATH}:/opt/ros/humble /usr/bin/cmake --install /home/pat-server/Documents/urdf_example/build/urdf_example
