-- Install configuration: ""
-- Up-to-date: /home/putacrot/Documents/Putarm/urdf_example/install/urdf_example/share/urdf_example/description
-- Up-to-date: /home/putacrot/Documents/Putarm/urdf_example/install/urdf_example/share/urdf_example/description/PutArmiurdf.gazebo
-- Up-to-date: /home/putacrot/Documents/Putarm/urdf_example/install/urdf_example/share/urdf_example/description/example_gazebo.xacro
-- Up-to-date: /home/putacrot/Documents/Putarm/urdf_example/install/urdf_example/share/urdf_example/description/example_include.xacro
-- Up-to-date: /home/putacrot/Documents/Putarm/urdf_example/install/urdf_example/share/urdf_example/description/example_robot.urdf.xacro
-- Up-to-date: /home/putacrot/Documents/Putarm/urdf_example/install/urdf_example/share/urdf_example/description/materials.xacro
-- Up-to-date: /home/putacrot/Documents/Putarm/urdf_example/install/urdf_example/share/urdf_example/description/PutArmiurdf.trans
-- Up-to-date: /home/putacrot/Documents/Putarm/urdf_example/install/urdf_example/share/urdf_example/launch
-- Up-to-date: /home/putacrot/Documents/Putarm/urdf_example/install/urdf_example/share/urdf_example/launch/rsp.launch.py
-- Up-to-date: /home/putacrot/Documents/Putarm/urdf_example/install/urdf_example/share/urdf_example/launch/rsp_sim.launch.py
-- Up-to-date: /home/putacrot/Documents/Putarm/urdf_example/install/urdf_example/share/urdf_example/worlds
-- Up-to-date: /home/putacrot/Documents/Putarm/urdf_example/install/urdf_example/share/urdf_example/worlds/test_world.world
-- Up-to-date: /home/putacrot/Documents/Putarm/urdf_example/install/urdf_example/share/urdf_example/meshes
-- Up-to-date: /home/putacrot/Documents/Putarm/urdf_example/install/urdf_example/share/urdf_example/meshes/base_link.stl
-- Up-to-date: /home/putacrot/Documents/Putarm/urdf_example/install/urdf_example/share/urdf_example/meshes/2_AXIS_2_1.stl
-- Up-to-date: /home/putacrot/Documents/Putarm/urdf_example/install/urdf_example/share/urdf_example/meshes/1_AXIS_1_1.stl
-- Up-to-date: /home/putacrot/Documents/Putarm/urdf_example/install/urdf_example/share/urdf_example/meshes/3_AXIS_3_1.stl
-- Up-to-date: /home/putacrot/Documents/Putarm/urdf_example/install/urdf_example/share/urdf_example/meshes/4_AXIS_4_1.stl
-- Up-to-date: /home/putacrot/Documents/Putarm/urdf_example/install/urdf_example/share/ament_index/resource_index/package_run_dependencies/urdf_example
-- Up-to-date: /home/putacrot/Documents/Putarm/urdf_example/install/urdf_example/share/ament_index/resource_index/parent_prefix_path/urdf_example
-- Up-to-date: /home/putacrot/Documents/Putarm/urdf_example/install/urdf_example/share/urdf_example/environment/ament_prefix_path.sh
-- Up-to-date: /home/putacrot/Documents/Putarm/urdf_example/install/urdf_example/share/urdf_example/environment/ament_prefix_path.dsv
-- Up-to-date: /home/putacrot/Documents/Putarm/urdf_example/install/urdf_example/share/urdf_example/environment/path.sh
-- Up-to-date: /home/putacrot/Documents/Putarm/urdf_example/install/urdf_example/share/urdf_example/environment/path.dsv
-- Up-to-date: /home/putacrot/Documents/Putarm/urdf_example/install/urdf_example/share/urdf_example/local_setup.bash
-- Up-to-date: /home/putacrot/Documents/Putarm/urdf_example/install/urdf_example/share/urdf_example/local_setup.sh
-- Up-to-date: /home/putacrot/Documents/Putarm/urdf_example/install/urdf_example/share/urdf_example/local_setup.zsh
-- Up-to-date: /home/putacrot/Documents/Putarm/urdf_example/install/urdf_example/share/urdf_example/local_setup.dsv
-- Up-to-date: /home/putacrot/Documents/Putarm/urdf_example/install/urdf_example/share/urdf_example/package.dsv
-- Up-to-date: /home/putacrot/Documents/Putarm/urdf_example/install/urdf_example/share/ament_index/resource_index/packages/urdf_example
-- Up-to-date: /home/putacrot/Documents/Putarm/urdf_example/install/urdf_example/share/urdf_example/cmake/urdf_exampleConfig.cmake
-- Up-to-date: /home/putacrot/Documents/Putarm/urdf_example/install/urdf_example/share/urdf_example/cmake/urdf_exampleConfig-version.cmake
-- Up-to-date: /home/putacrot/Documents/Putarm/urdf_example/install/urdf_example/share/urdf_example/package.xml
