[0.454s] DEBUG:colcon:Command line arguments: ['/usr/bin/colcon', 'build']
[0.454s] DEBUG:colcon:Parsed command line arguments: Namespace(log_base=None, log_level=None, verb_name='build', build_base='build', install_base='install', merge_install=False, symlink_install=False, test_result_base=None, continue_on_error=False, executor='parallel', parallel_workers=8, event_handlers=None, ignore_user_meta=False, metas=['./colcon.meta'], base_paths=['.'], packages_ignore=None, packages_ignore_regex=None, paths=None, packages_up_to=None, packages_up_to_regex=None, packages_above=None, packages_above_and_dependencies=None, packages_above_depth=None, packages_select_by_dep=None, packages_skip_by_dep=None, packages_skip_up_to=None, packages_select_build_failed=False, packages_skip_build_finished=False, packages_select_test_failures=False, packages_skip_test_passed=False, packages_select=None, packages_skip=None, packages_select_regex=None, packages_skip_regex=None, packages_start=None, packages_end=None, allow_overriding=[], cmake_args=None, cmake_target=None, cmake_target_skip_unavailable=False, cmake_clean_cache=False, cmake_clean_first=False, cmake_force_configure=False, ament_cmake_args=None, catkin_cmake_args=None, catkin_skip_building_tests=False, verb_parser=<colcon_defaults.argument_parser.defaults.DefaultArgumentsDecorator object at 0x7f82d14bb700>, verb_extension=<colcon_core.verb.build.BuildVerb object at 0x7f82d14bb190>, main=<bound method BuildVerb.main of <colcon_core.verb.build.BuildVerb object at 0x7f82d14bb190>>)
[0.480s] Level 1:colcon.colcon_core.package_discovery:discover_packages(colcon_meta) check parameters
[0.480s] Level 1:colcon.colcon_core.package_discovery:discover_packages(recursive) check parameters
[0.480s] Level 1:colcon.colcon_core.package_discovery:discover_packages(ignore) check parameters
[0.480s] Level 1:colcon.colcon_core.package_discovery:discover_packages(path) check parameters
[0.480s] Level 1:colcon.colcon_core.package_discovery:discover_packages(colcon_meta) discover
[0.480s] Level 1:colcon.colcon_core.package_discovery:discover_packages(recursive) discover
[0.480s] INFO:colcon.colcon_core.package_discovery:Crawling recursively for packages in '/home/pat-server/Documents/urdf_example'
[0.480s] Level 1:colcon.colcon_core.package_identification:_identify(.) by extensions ['ignore', 'ignore_ament_install']
[0.480s] Level 1:colcon.colcon_core.package_identification:_identify(.) by extension 'ignore'
[0.481s] Level 1:colcon.colcon_core.package_identification:_identify(.) by extension 'ignore_ament_install'
[0.481s] Level 1:colcon.colcon_core.package_identification:_identify(.) by extensions ['colcon_pkg']
[0.481s] Level 1:colcon.colcon_core.package_identification:_identify(.) by extension 'colcon_pkg'
[0.481s] Level 1:colcon.colcon_core.package_identification:_identify(.) by extensions ['colcon_meta']
[0.481s] Level 1:colcon.colcon_core.package_identification:_identify(.) by extension 'colcon_meta'
[0.481s] Level 1:colcon.colcon_core.package_identification:_identify(.) by extensions ['ros']
[0.481s] Level 1:colcon.colcon_core.package_identification:_identify(.) by extension 'ros'
[0.496s] DEBUG:colcon.colcon_core.package_identification:Package '.' with type 'ros.ament_cmake' and name 'urdf_example'
[0.496s] Level 1:colcon.colcon_core.package_discovery:discover_packages(recursive) using defaults
[0.496s] Level 1:colcon.colcon_core.package_discovery:discover_packages(ignore) discover
[0.496s] Level 1:colcon.colcon_core.package_discovery:discover_packages(ignore) using defaults
[0.496s] Level 1:colcon.colcon_core.package_discovery:discover_packages(path) discover
[0.496s] Level 1:colcon.colcon_core.package_discovery:discover_packages(path) using defaults
[0.522s] Level 1:colcon.colcon_core.package_discovery:discover_packages(prefix_path) check parameters
[0.523s] Level 1:colcon.colcon_core.package_discovery:discover_packages(prefix_path) discover
[0.526s] DEBUG:colcon.colcon_installed_package_information.package_discovery:Found 1 installed packages in /home/pat-server/Documents/urdf_example/install
[0.528s] DEBUG:colcon.colcon_installed_package_information.package_discovery:Found 272 installed packages in /opt/ros/humble
[0.530s] Level 1:colcon.colcon_core.package_discovery:discover_packages(prefix_path) using defaults
[0.603s] Level 5:colcon.colcon_core.verb:set package 'urdf_example' build argument 'cmake_args' from command line to 'None'
[0.603s] Level 5:colcon.colcon_core.verb:set package 'urdf_example' build argument 'cmake_target' from command line to 'None'
[0.603s] Level 5:colcon.colcon_core.verb:set package 'urdf_example' build argument 'cmake_target_skip_unavailable' from command line to 'False'
[0.603s] Level 5:colcon.colcon_core.verb:set package 'urdf_example' build argument 'cmake_clean_cache' from command line to 'False'
[0.603s] Level 5:colcon.colcon_core.verb:set package 'urdf_example' build argument 'cmake_clean_first' from command line to 'False'
[0.603s] Level 5:colcon.colcon_core.verb:set package 'urdf_example' build argument 'cmake_force_configure' from command line to 'False'
[0.603s] Level 5:colcon.colcon_core.verb:set package 'urdf_example' build argument 'ament_cmake_args' from command line to 'None'
[0.603s] Level 5:colcon.colcon_core.verb:set package 'urdf_example' build argument 'catkin_cmake_args' from command line to 'None'
[0.603s] Level 5:colcon.colcon_core.verb:set package 'urdf_example' build argument 'catkin_skip_building_tests' from command line to 'False'
[0.603s] DEBUG:colcon.colcon_core.verb:Building package 'urdf_example' with the following arguments: {'ament_cmake_args': None, 'build_base': '/home/pat-server/Documents/urdf_example/build/urdf_example', 'catkin_cmake_args': None, 'catkin_skip_building_tests': False, 'cmake_args': None, 'cmake_clean_cache': False, 'cmake_clean_first': False, 'cmake_force_configure': False, 'cmake_target': None, 'cmake_target_skip_unavailable': False, 'install_base': '/home/pat-server/Documents/urdf_example/install/urdf_example', 'merge_install': False, 'path': '/home/pat-server/Documents/urdf_example', 'symlink_install': False, 'test_result_base': None}
[0.604s] INFO:colcon.colcon_core.executor:Executing jobs using 'parallel' executor
[0.608s] DEBUG:colcon.colcon_parallel_executor.executor.parallel:run_until_complete
[0.608s] INFO:colcon.colcon_ros.task.ament_cmake.build:Building ROS package in '/home/pat-server/Documents/urdf_example' with build type 'ament_cmake'
[0.609s] INFO:colcon.colcon_cmake.task.cmake.build:Building CMake package in '/home/pat-server/Documents/urdf_example'
[0.613s] INFO:colcon.colcon_core.plugin_system:Skipping extension 'colcon_core.shell.bat': Not used on non-Windows systems
[0.614s] INFO:colcon.colcon_core.shell:Skip shell extension 'powershell' for command environment: Not usable outside of PowerShell
[0.614s] DEBUG:colcon.colcon_core.shell:Skip shell extension 'dsv' for command environment
[0.627s] DEBUG:colcon.colcon_core.event_handler.log_command:Invoking command in '/home/pat-server/Documents/urdf_example/build/urdf_example': CMAKE_PREFIX_PATH=${CMAKE_PREFIX_PATH}:/opt/ros/humble /usr/bin/cmake --build /home/pat-server/Documents/urdf_example/build/urdf_example -- -j8 -l8
[0.673s] DEBUG:colcon.colcon_core.event_handler.log_command:Invoked command in '/home/pat-server/Documents/urdf_example/build/urdf_example' returned '0': CMAKE_PREFIX_PATH=${CMAKE_PREFIX_PATH}:/opt/ros/humble /usr/bin/cmake --build /home/pat-server/Documents/urdf_example/build/urdf_example -- -j8 -l8
[0.709s] DEBUG:colcon.colcon_core.event_handler.log_command:Invoking command in '/home/pat-server/Documents/urdf_example/build/urdf_example': CMAKE_PREFIX_PATH=${CMAKE_PREFIX_PATH}:/opt/ros/humble /usr/bin/cmake --install /home/pat-server/Documents/urdf_example/build/urdf_example
[0.720s] Level 1:colcon.colcon_core.environment:create_environment_scripts_only(urdf_example)
[0.725s] DEBUG:colcon.colcon_core.event_handler.log_command:Invoked command in '/home/pat-server/Documents/urdf_example/build/urdf_example' returned '0': CMAKE_PREFIX_PATH=${CMAKE_PREFIX_PATH}:/opt/ros/humble /usr/bin/cmake --install /home/pat-server/Documents/urdf_example/build/urdf_example
[0.728s] Level 1:colcon.colcon_core.environment:checking '/home/pat-server/Documents/urdf_example/install/urdf_example' for CMake module files
[0.728s] Level 1:colcon.colcon_core.environment:checking '/home/pat-server/Documents/urdf_example/install/urdf_example' for CMake config files
[0.729s] Level 1:colcon.colcon_core.shell:create_environment_hook('urdf_example', 'cmake_prefix_path')
[0.730s] INFO:colcon.colcon_core.shell:Creating environment hook '/home/pat-server/Documents/urdf_example/install/urdf_example/share/urdf_example/hook/cmake_prefix_path.ps1'
[0.731s] INFO:colcon.colcon_core.shell:Creating environment descriptor '/home/pat-server/Documents/urdf_example/install/urdf_example/share/urdf_example/hook/cmake_prefix_path.dsv'
[0.732s] INFO:colcon.colcon_core.shell:Creating environment hook '/home/pat-server/Documents/urdf_example/install/urdf_example/share/urdf_example/hook/cmake_prefix_path.sh'
[0.732s] Level 1:colcon.colcon_core.environment:checking '/home/pat-server/Documents/urdf_example/install/urdf_example/bin'
[0.733s] Level 1:colcon.colcon_core.environment:checking '/home/pat-server/Documents/urdf_example/install/urdf_example/lib/pkgconfig/urdf_example.pc'
[0.733s] Level 1:colcon.colcon_core.environment:checking '/home/pat-server/Documents/urdf_example/install/urdf_example/lib/python3.10/site-packages'
[0.733s] Level 1:colcon.colcon_core.environment:checking '/home/pat-server/Documents/urdf_example/install/urdf_example/bin'
[0.735s] INFO:colcon.colcon_core.shell:Creating package script '/home/pat-server/Documents/urdf_example/install/urdf_example/share/urdf_example/package.ps1'
[0.735s] INFO:colcon.colcon_core.shell:Creating package descriptor '/home/pat-server/Documents/urdf_example/install/urdf_example/share/urdf_example/package.dsv'
[0.736s] INFO:colcon.colcon_core.shell:Creating package script '/home/pat-server/Documents/urdf_example/install/urdf_example/share/urdf_example/package.sh'
[0.737s] INFO:colcon.colcon_core.shell:Creating package script '/home/pat-server/Documents/urdf_example/install/urdf_example/share/urdf_example/package.bash'
[0.738s] INFO:colcon.colcon_core.shell:Creating package script '/home/pat-server/Documents/urdf_example/install/urdf_example/share/urdf_example/package.zsh'
[0.738s] Level 1:colcon.colcon_core.environment:create_file_with_runtime_dependencies(/home/pat-server/Documents/urdf_example/install/urdf_example/share/colcon-core/packages/urdf_example)
[0.762s] Level 1:colcon.colcon_core.environment:create_environment_scripts_only(urdf_example)
[0.765s] Level 1:colcon.colcon_core.environment:checking '/home/pat-server/Documents/urdf_example/install/urdf_example' for CMake module files
[0.766s] Level 1:colcon.colcon_core.environment:checking '/home/pat-server/Documents/urdf_example/install/urdf_example' for CMake config files
[0.766s] Level 1:colcon.colcon_core.shell:create_environment_hook('urdf_example', 'cmake_prefix_path')
[0.768s] INFO:colcon.colcon_core.shell:Creating environment hook '/home/pat-server/Documents/urdf_example/install/urdf_example/share/urdf_example/hook/cmake_prefix_path.ps1'
[0.768s] INFO:colcon.colcon_core.shell:Creating environment descriptor '/home/pat-server/Documents/urdf_example/install/urdf_example/share/urdf_example/hook/cmake_prefix_path.dsv'
[0.769s] INFO:colcon.colcon_core.shell:Creating environment hook '/home/pat-server/Documents/urdf_example/install/urdf_example/share/urdf_example/hook/cmake_prefix_path.sh'
[0.769s] Level 1:colcon.colcon_core.environment:checking '/home/pat-server/Documents/urdf_example/install/urdf_example/bin'
[0.769s] Level 1:colcon.colcon_core.environment:checking '/home/pat-server/Documents/urdf_example/install/urdf_example/lib/pkgconfig/urdf_example.pc'
[0.770s] Level 1:colcon.colcon_core.environment:checking '/home/pat-server/Documents/urdf_example/install/urdf_example/lib/python3.10/site-packages'
[0.770s] Level 1:colcon.colcon_core.environment:checking '/home/pat-server/Documents/urdf_example/install/urdf_example/bin'
[0.772s] INFO:colcon.colcon_core.shell:Creating package script '/home/pat-server/Documents/urdf_example/install/urdf_example/share/urdf_example/package.ps1'
[0.772s] INFO:colcon.colcon_core.shell:Creating package descriptor '/home/pat-server/Documents/urdf_example/install/urdf_example/share/urdf_example/package.dsv'
[0.773s] INFO:colcon.colcon_core.shell:Creating package script '/home/pat-server/Documents/urdf_example/install/urdf_example/share/urdf_example/package.sh'
[0.773s] INFO:colcon.colcon_core.shell:Creating package script '/home/pat-server/Documents/urdf_example/install/urdf_example/share/urdf_example/package.bash'
[0.774s] INFO:colcon.colcon_core.shell:Creating package script '/home/pat-server/Documents/urdf_example/install/urdf_example/share/urdf_example/package.zsh'
[0.774s] Level 1:colcon.colcon_core.environment:create_file_with_runtime_dependencies(/home/pat-server/Documents/urdf_example/install/urdf_example/share/colcon-core/packages/urdf_example)
[0.775s] DEBUG:colcon.colcon_parallel_executor.executor.parallel:closing loop
[0.775s] DEBUG:colcon.colcon_parallel_executor.executor.parallel:loop closed
[0.775s] DEBUG:colcon.colcon_parallel_executor.executor.parallel:run_until_complete finished with '0'
[0.776s] DEBUG:colcon.colcon_core.event_reactor:joining thread
[0.786s] INFO:colcon.colcon_core.plugin_system:Skipping extension 'colcon_notification.desktop_notification.terminal_notifier': Not used on non-Darwin systems
[0.786s] INFO:colcon.colcon_core.plugin_system:Skipping extension 'colcon_notification.desktop_notification.win32': Not used on non-Windows systems
[0.786s] INFO:colcon.colcon_notification.desktop_notification:Sending desktop notification using 'notify2'
[0.806s] DEBUG:colcon.colcon_core.event_reactor:joined thread
[0.808s] INFO:colcon.colcon_core.shell:Creating prefix script '/home/pat-server/Documents/urdf_example/install/local_setup.ps1'
[0.809s] INFO:colcon.colcon_core.shell:Creating prefix util module '/home/pat-server/Documents/urdf_example/install/_local_setup_util_ps1.py'
[0.811s] INFO:colcon.colcon_core.shell:Creating prefix chain script '/home/pat-server/Documents/urdf_example/install/setup.ps1'
[0.813s] INFO:colcon.colcon_core.shell:Creating prefix script '/home/pat-server/Documents/urdf_example/install/local_setup.sh'
[0.814s] INFO:colcon.colcon_core.shell:Creating prefix util module '/home/pat-server/Documents/urdf_example/install/_local_setup_util_sh.py'
[0.815s] INFO:colcon.colcon_core.shell:Creating prefix chain script '/home/pat-server/Documents/urdf_example/install/setup.sh'
[0.817s] INFO:colcon.colcon_core.shell:Creating prefix script '/home/pat-server/Documents/urdf_example/install/local_setup.bash'
[0.818s] INFO:colcon.colcon_core.shell:Creating prefix chain script '/home/pat-server/Documents/urdf_example/install/setup.bash'
[0.819s] INFO:colcon.colcon_core.shell:Creating prefix script '/home/pat-server/Documents/urdf_example/install/local_setup.zsh'
[0.820s] INFO:colcon.colcon_core.shell:Creating prefix chain script '/home/pat-server/Documents/urdf_example/install/setup.zsh'
