[0.016s] Invoking command in '/home/pat-server/Documents/urdf_example/build/urdf_example': CMAKE_PREFIX_PATH=${CMAKE_PREFIX_PATH}:/opt/ros/humble /usr/bin/cmake --build /home/pat-server/Documents/urdf_example/build/urdf_example -- -j8 -l8
[0.064s] Invoked command in '/home/pat-server/Documents/urdf_example/build/urdf_example' returned '0': CMAKE_PREFIX_PATH=${CMAKE_PREFIX_PATH}:/opt/ros/humble /usr/bin/cmake --build /home/pat-server/Documents/urdf_example/build/urdf_example -- -j8 -l8
[0.096s] Invoking command in '/home/pat-server/Documents/urdf_example/build/urdf_example': CMAKE_PREFIX_PATH=${CMAKE_PREFIX_PATH}:/opt/ros/humble /usr/bin/cmake --install /home/pat-server/Documents/urdf_example/build/urdf_example
[0.104s] -- Install configuration: ""
[0.104s] -- Up-to-date: /home/pat-server/Documents/urdf_example/install/urdf_example/share/urdf_example/description
[0.104s] -- Up-to-date: /home/pat-server/Documents/urdf_example/install/urdf_example/share/urdf_example/description/example_gazebo.xacro
[0.104s] -- Up-to-date: /home/pat-server/Documents/urdf_example/install/urdf_example/share/urdf_example/description/example_include.xacro
[0.104s] -- Installing: /home/pat-server/Documents/urdf_example/install/urdf_example/share/urdf_example/description/example_robot.urdf.xacro
[0.105s] -- Up-to-date: /home/pat-server/Documents/urdf_example/install/urdf_example/share/urdf_example/launch
[0.105s] -- Up-to-date: /home/pat-server/Documents/urdf_example/install/urdf_example/share/urdf_example/launch/rsp_sim.launch.py
[0.105s] -- Up-to-date: /home/pat-server/Documents/urdf_example/install/urdf_example/share/urdf_example/launch/rsp.launch.py
[0.105s] -- Up-to-date: /home/pat-server/Documents/urdf_example/install/urdf_example/share/urdf_example/worlds
[0.105s] -- Up-to-date: /home/pat-server/Documents/urdf_example/install/urdf_example/share/urdf_example/worlds/test_world.world
[0.105s] -- Up-to-date: /home/pat-server/Documents/urdf_example/install/urdf_example/share/ament_index/resource_index/package_run_dependencies/urdf_example
[0.105s] -- Up-to-date: /home/pat-server/Documents/urdf_example/install/urdf_example/share/ament_index/resource_index/parent_prefix_path/urdf_example
[0.105s] -- Up-to-date: /home/pat-server/Documents/urdf_example/install/urdf_example/share/urdf_example/environment/ament_prefix_path.sh
[0.105s] -- Up-to-date: /home/pat-server/Documents/urdf_example/install/urdf_example/share/urdf_example/environment/ament_prefix_path.dsv
[0.105s] -- Up-to-date: /home/pat-server/Documents/urdf_example/install/urdf_example/share/urdf_example/environment/path.sh
[0.106s] -- Up-to-date: /home/pat-server/Documents/urdf_example/install/urdf_example/share/urdf_example/environment/path.dsv
[0.106s] -- Up-to-date: /home/pat-server/Documents/urdf_example/install/urdf_example/share/urdf_example/local_setup.bash
[0.106s] -- Up-to-date: /home/pat-server/Documents/urdf_example/install/urdf_example/share/urdf_example/local_setup.sh
[0.106s] -- Up-to-date: /home/pat-server/Documents/urdf_example/install/urdf_example/share/urdf_example/local_setup.zsh
[0.107s] -- Up-to-date: /home/pat-server/Documents/urdf_example/install/urdf_example/share/urdf_example/local_setup.dsv
[0.108s] -- Installing: /home/pat-server/Documents/urdf_example/install/urdf_example/share/urdf_example/package.dsv
[0.109s] -- Up-to-date: /home/pat-server/Documents/urdf_example/install/urdf_example/share/ament_index/resource_index/packages/urdf_example
[0.109s] -- Up-to-date: /home/pat-server/Documents/urdf_example/install/urdf_example/share/urdf_example/cmake/urdf_exampleConfig.cmake
[0.109s] -- Up-to-date: /home/pat-server/Documents/urdf_example/install/urdf_example/share/urdf_example/cmake/urdf_exampleConfig-version.cmake
[0.109s] -- Up-to-date: /home/pat-server/Documents/urdf_example/install/urdf_example/share/urdf_example/package.xml
[0.110s] Invoked command in '/home/pat-server/Documents/urdf_example/build/urdf_example' returned '0': CMAKE_PREFIX_PATH=${CMAKE_PREFIX_PATH}:/opt/ros/humble /usr/bin/cmake --install /home/pat-server/Documents/urdf_example/build/urdf_example
