[0.018s] Invoking command in '/home/pat-server/Documents/urdf_example/build/urdf_example': CMAKE_PREFIX_PATH=${CMAKE_PREFIX_PATH}:/opt/ros/humble /usr/bin/cmake --build /home/pat-server/Documents/urdf_example/build/urdf_example -- -j8 -l8
[0.049s] -- Found ament_cmake: 1.3.5 (/opt/ros/humble/share/ament_cmake/cmake)
[0.221s] -- Found ament_lint_auto: 0.12.7 (/opt/ros/humble/share/ament_lint_auto/cmake)
[0.302s] -- Added test 'copyright' to check source files copyright and LICENSE
[0.314s] -- Added test 'cppcheck' to perform static code analysis on C / C++ code
[0.315s] -- Configured cppcheck include dirs: 
[0.315s] -- Configured cppcheck exclude dirs and/or files: 
[0.328s] -- Added test 'cpplint' to check C / C++ code against the Google style
[0.328s] -- Configured cpplint exclude dirs and/or files: 
[0.330s] -- Added test 'flake8' to check Python code syntax and style conventions
[0.336s] -- Added test 'lint_cmake' to check CMake code style
[0.338s] -- Added test 'pep257' to check Python code against some of the docstring style conventions in PEP 257
[0.353s] -- Added test 'uncrustify' to check C / C++ code style
[0.353s] -- Configured uncrustify additional arguments: 
[0.355s] -- Added test 'xmllint' to check XML markup files
[0.356s] -- Configuring done
[0.361s] -- Generating done
[0.363s] -- Build files have been written to: /home/pat-server/Documents/urdf_example/build/urdf_example
[0.392s] Invoked command in '/home/pat-server/Documents/urdf_example/build/urdf_example' returned '0': CMAKE_PREFIX_PATH=${CMAKE_PREFIX_PATH}:/opt/ros/humble /usr/bin/cmake --build /home/pat-server/Documents/urdf_example/build/urdf_example -- -j8 -l8
[0.433s] Invoking command in '/home/pat-server/Documents/urdf_example/build/urdf_example': CMAKE_PREFIX_PATH=${CMAKE_PREFIX_PATH}:/opt/ros/humble /usr/bin/cmake --install /home/pat-server/Documents/urdf_example/build/urdf_example
[0.443s] -- Install configuration: ""
[0.443s] -- Up-to-date: /home/pat-server/Documents/urdf_example/install/urdf_example/share/urdf_example/description
[0.443s] -- Up-to-date: /home/pat-server/Documents/urdf_example/install/urdf_example/share/urdf_example/description/example_gazebo.xacro
[0.444s] -- Up-to-date: /home/pat-server/Documents/urdf_example/install/urdf_example/share/urdf_example/description/example_include.xacro
[0.444s] -- Installing: /home/pat-server/Documents/urdf_example/install/urdf_example/share/urdf_example/description/example_robot.urdf.xacro
[0.444s] -- Up-to-date: /home/pat-server/Documents/urdf_example/install/urdf_example/share/urdf_example/launch
[0.444s] -- Up-to-date: /home/pat-server/Documents/urdf_example/install/urdf_example/share/urdf_example/launch/rsp_sim.launch.py
[0.444s] -- Up-to-date: /home/pat-server/Documents/urdf_example/install/urdf_example/share/urdf_example/launch/rsp.launch.py
[0.444s] -- Up-to-date: /home/pat-server/Documents/urdf_example/install/urdf_example/share/urdf_example/worlds
[0.444s] -- Up-to-date: /home/pat-server/Documents/urdf_example/install/urdf_example/share/urdf_example/worlds/test_world.world
[0.445s] -- Installing: /home/pat-server/Documents/urdf_example/install/urdf_example/share/urdf_example/meshes
[0.445s] -- Installing: /home/pat-server/Documents/urdf_example/install/urdf_example/share/urdf_example/meshes/3_AXIS_3_1.stl
[0.445s] -- Installing: /home/pat-server/Documents/urdf_example/install/urdf_example/share/urdf_example/meshes/2_AXIS_2_1.stl
[0.445s] -- Installing: /home/pat-server/Documents/urdf_example/install/urdf_example/share/urdf_example/meshes/1_AXIS_1_1.stl
[0.447s] -- Installing: /home/pat-server/Documents/urdf_example/install/urdf_example/share/urdf_example/meshes/base_link.stl
[0.448s] -- Installing: /home/pat-server/Documents/urdf_example/install/urdf_example/share/urdf_example/meshes/4_AXIS_4_1.stl
[0.449s] -- Up-to-date: /home/pat-server/Documents/urdf_example/install/urdf_example/share/ament_index/resource_index/package_run_dependencies/urdf_example
[0.449s] -- Up-to-date: /home/pat-server/Documents/urdf_example/install/urdf_example/share/ament_index/resource_index/parent_prefix_path/urdf_example
[0.449s] -- Up-to-date: /home/pat-server/Documents/urdf_example/install/urdf_example/share/urdf_example/environment/ament_prefix_path.sh
[0.450s] -- Installing: /home/pat-server/Documents/urdf_example/install/urdf_example/share/urdf_example/environment/ament_prefix_path.dsv
[0.450s] -- Up-to-date: /home/pat-server/Documents/urdf_example/install/urdf_example/share/urdf_example/environment/path.sh
[0.450s] -- Installing: /home/pat-server/Documents/urdf_example/install/urdf_example/share/urdf_example/environment/path.dsv
[0.450s] -- Up-to-date: /home/pat-server/Documents/urdf_example/install/urdf_example/share/urdf_example/local_setup.bash
[0.450s] -- Up-to-date: /home/pat-server/Documents/urdf_example/install/urdf_example/share/urdf_example/local_setup.sh
[0.450s] -- Up-to-date: /home/pat-server/Documents/urdf_example/install/urdf_example/share/urdf_example/local_setup.zsh
[0.451s] -- Installing: /home/pat-server/Documents/urdf_example/install/urdf_example/share/urdf_example/local_setup.dsv
[0.451s] -- Installing: /home/pat-server/Documents/urdf_example/install/urdf_example/share/urdf_example/package.dsv
[0.451s] -- Up-to-date: /home/pat-server/Documents/urdf_example/install/urdf_example/share/ament_index/resource_index/packages/urdf_example
[0.451s] -- Up-to-date: /home/pat-server/Documents/urdf_example/install/urdf_example/share/urdf_example/cmake/urdf_exampleConfig.cmake
[0.451s] -- Up-to-date: /home/pat-server/Documents/urdf_example/install/urdf_example/share/urdf_example/cmake/urdf_exampleConfig-version.cmake
[0.451s] -- Up-to-date: /home/pat-server/Documents/urdf_example/install/urdf_example/share/urdf_example/package.xml
[0.453s] Invoked command in '/home/pat-server/Documents/urdf_example/build/urdf_example' returned '0': CMAKE_PREFIX_PATH=${CMAKE_PREFIX_PATH}:/opt/ros/humble /usr/bin/cmake --install /home/pat-server/Documents/urdf_example/build/urdf_example
