[0.020s] Invoking command in '/home/putacrot/Documents/Putarm/urdf_example/build/urdf_example': CMAKE_PREFIX_PATH=${CMAKE_PREFIX_PATH}:/opt/ros/humble /usr/bin/cmake /home/putacrot/Documents/Putarm/urdf_example -DCMAKE_INSTALL_PREFIX=/home/putacrot/Documents/Putarm/urdf_example/install/urdf_example
[0.180s] -- The C compiler identification is GNU 11.4.0
[0.308s] -- The CXX compiler identification is GNU 11.4.0
[0.321s] -- Detecting C compiler ABI info
[0.401s] -- Detecting C compiler ABI info - done
[0.409s] -- Check for working C compiler: /usr/bin/cc - skipped
[0.410s] -- Detecting C compile features
[0.411s] -- Detecting C compile features - done
[0.415s] -- Detecting CXX compiler ABI info
[0.501s] -- Detecting CXX compiler ABI info - done
[0.509s] -- Check for working CXX compiler: /usr/bin/c++ - skipped
[0.510s] -- Detecting CXX compile features
[0.510s] -- Detecting CXX compile features - done
[0.516s] -- Found ament_cmake: 1.3.5 (/opt/ros/humble/share/ament_cmake/cmake)
[0.699s] -- Found Python3: /usr/bin/python3.10 (found version "3.10.12") found components: Interpreter 
[0.818s] -- Found ament_lint_auto: 0.12.7 (/opt/ros/humble/share/ament_lint_auto/cmake)
[0.913s] -- Added test 'copyright' to check source files copyright and LICENSE
[0.955s] -- Added test 'cppcheck' to perform static code analysis on C / C++ code
[0.955s] -- Configured cppcheck include dirs: 
[0.955s] -- Configured cppcheck exclude dirs and/or files: 
[0.977s] -- Added test 'cpplint' to check C / C++ code against the Google style
[0.977s] -- Configured cpplint exclude dirs and/or files: 
[0.980s] -- Added test 'flake8' to check Python code syntax and style conventions
[0.986s] -- Added test 'lint_cmake' to check CMake code style
[0.990s] -- Added test 'pep257' to check Python code against some of the docstring style conventions in PEP 257
[1.012s] -- Added test 'uncrustify' to check C / C++ code style
[1.012s] -- Configured uncrustify additional arguments: 
[1.015s] -- Added test 'xmllint' to check XML markup files
[1.018s] -- Configuring done
[1.022s] -- Generating done
[1.023s] -- Build files have been written to: /home/putacrot/Documents/Putarm/urdf_example/build/urdf_example
[1.028s] Invoked command in '/home/putacrot/Documents/Putarm/urdf_example/build/urdf_example' returned '0': CMAKE_PREFIX_PATH=${CMAKE_PREFIX_PATH}:/opt/ros/humble /usr/bin/cmake /home/putacrot/Documents/Putarm/urdf_example -DCMAKE_INSTALL_PREFIX=/home/putacrot/Documents/Putarm/urdf_example/install/urdf_example
[1.031s] Invoking command in '/home/putacrot/Documents/Putarm/urdf_example/build/urdf_example': CMAKE_PREFIX_PATH=${CMAKE_PREFIX_PATH}:/opt/ros/humble /usr/bin/cmake --build /home/putacrot/Documents/Putarm/urdf_example/build/urdf_example -- -j4 -l4
[1.070s] Invoked command in '/home/putacrot/Documents/Putarm/urdf_example/build/urdf_example' returned '0': CMAKE_PREFIX_PATH=${CMAKE_PREFIX_PATH}:/opt/ros/humble /usr/bin/cmake --build /home/putacrot/Documents/Putarm/urdf_example/build/urdf_example -- -j4 -l4
[1.101s] Invoking command in '/home/putacrot/Documents/Putarm/urdf_example/build/urdf_example': CMAKE_PREFIX_PATH=${CMAKE_PREFIX_PATH}:/opt/ros/humble /usr/bin/cmake --install /home/putacrot/Documents/Putarm/urdf_example/build/urdf_example
[1.109s] -- Install configuration: ""
[1.109s] -- Up-to-date: /home/putacrot/Documents/Putarm/urdf_example/install/urdf_example/share/urdf_example/description
[1.109s] -- Up-to-date: /home/putacrot/Documents/Putarm/urdf_example/install/urdf_example/share/urdf_example/description/PutArmiurdf.gazebo
[1.110s] -- Up-to-date: /home/putacrot/Documents/Putarm/urdf_example/install/urdf_example/share/urdf_example/description/example_gazebo.xacro
[1.110s] -- Up-to-date: /home/putacrot/Documents/Putarm/urdf_example/install/urdf_example/share/urdf_example/description/example_include.xacro
[1.110s] -- Up-to-date: /home/putacrot/Documents/Putarm/urdf_example/install/urdf_example/share/urdf_example/description/example_robot.urdf.xacro
[1.110s] -- Up-to-date: /home/putacrot/Documents/Putarm/urdf_example/install/urdf_example/share/urdf_example/description/materials.xacro
[1.110s] -- Up-to-date: /home/putacrot/Documents/Putarm/urdf_example/install/urdf_example/share/urdf_example/description/PutArmiurdf.trans
[1.110s] -- Up-to-date: /home/putacrot/Documents/Putarm/urdf_example/install/urdf_example/share/urdf_example/launch
[1.110s] -- Up-to-date: /home/putacrot/Documents/Putarm/urdf_example/install/urdf_example/share/urdf_example/launch/rsp.launch.py
[1.110s] -- Up-to-date: /home/putacrot/Documents/Putarm/urdf_example/install/urdf_example/share/urdf_example/launch/rsp_sim.launch.py
[1.110s] -- Up-to-date: /home/putacrot/Documents/Putarm/urdf_example/install/urdf_example/share/urdf_example/worlds
[1.110s] -- Up-to-date: /home/putacrot/Documents/Putarm/urdf_example/install/urdf_example/share/urdf_example/worlds/test_world.world
[1.110s] -- Up-to-date: /home/putacrot/Documents/Putarm/urdf_example/install/urdf_example/share/urdf_example/meshes
[1.110s] -- Up-to-date: /home/putacrot/Documents/Putarm/urdf_example/install/urdf_example/share/urdf_example/meshes/base_link.stl
[1.111s] -- Up-to-date: /home/putacrot/Documents/Putarm/urdf_example/install/urdf_example/share/urdf_example/meshes/2_AXIS_2_1.stl
[1.111s] -- Up-to-date: /home/putacrot/Documents/Putarm/urdf_example/install/urdf_example/share/urdf_example/meshes/1_AXIS_1_1.stl
[1.111s] -- Up-to-date: /home/putacrot/Documents/Putarm/urdf_example/install/urdf_example/share/urdf_example/meshes/3_AXIS_3_1.stl
[1.111s] -- Up-to-date: /home/putacrot/Documents/Putarm/urdf_example/install/urdf_example/share/urdf_example/meshes/4_AXIS_4_1.stl
[1.111s] -- Installing: /home/putacrot/Documents/Putarm/urdf_example/install/urdf_example/share/ament_index/resource_index/package_run_dependencies/urdf_example
[1.111s] -- Installing: /home/putacrot/Documents/Putarm/urdf_example/install/urdf_example/share/ament_index/resource_index/parent_prefix_path/urdf_example
[1.111s] -- Up-to-date: /home/putacrot/Documents/Putarm/urdf_example/install/urdf_example/share/urdf_example/environment/ament_prefix_path.sh
[1.111s] -- Installing: /home/putacrot/Documents/Putarm/urdf_example/install/urdf_example/share/urdf_example/environment/ament_prefix_path.dsv
[1.111s] -- Up-to-date: /home/putacrot/Documents/Putarm/urdf_example/install/urdf_example/share/urdf_example/environment/path.sh
[1.111s] -- Installing: /home/putacrot/Documents/Putarm/urdf_example/install/urdf_example/share/urdf_example/environment/path.dsv
[1.111s] -- Installing: /home/putacrot/Documents/Putarm/urdf_example/install/urdf_example/share/urdf_example/local_setup.bash
[1.111s] -- Installing: /home/putacrot/Documents/Putarm/urdf_example/install/urdf_example/share/urdf_example/local_setup.sh
[1.112s] -- Installing: /home/putacrot/Documents/Putarm/urdf_example/install/urdf_example/share/urdf_example/local_setup.zsh
[1.112s] -- Installing: /home/putacrot/Documents/Putarm/urdf_example/install/urdf_example/share/urdf_example/local_setup.dsv
[1.112s] -- Installing: /home/putacrot/Documents/Putarm/urdf_example/install/urdf_example/share/urdf_example/package.dsv
[1.112s] -- Installing: /home/putacrot/Documents/Putarm/urdf_example/install/urdf_example/share/ament_index/resource_index/packages/urdf_example
[1.113s] -- Installing: /home/putacrot/Documents/Putarm/urdf_example/install/urdf_example/share/urdf_example/cmake/urdf_exampleConfig.cmake
[1.113s] -- Installing: /home/putacrot/Documents/Putarm/urdf_example/install/urdf_example/share/urdf_example/cmake/urdf_exampleConfig-version.cmake
[1.113s] -- Up-to-date: /home/putacrot/Documents/Putarm/urdf_example/install/urdf_example/share/urdf_example/package.xml
[1.115s] Invoked command in '/home/putacrot/Documents/Putarm/urdf_example/build/urdf_example' returned '0': CMAKE_PREFIX_PATH=${CMAKE_PREFIX_PATH}:/opt/ros/humble /usr/bin/cmake --install /home/putacrot/Documents/Putarm/urdf_example/build/urdf_example
