[0.019s] Invoking command in '/home/putacrot/Documents/Putarm/urdf_example/build/urdf_example': CMAKE_PREFIX_PATH=/home/putacrot/Documents/Putarm/PutArm_ros2/install/urdf_publisher:/opt/ros/humble /usr/bin/cmake /home/putacrot/Documents/Putarm/urdf_example -DCMAKE_INSTALL_PREFIX=/home/putacrot/Documents/Putarm/urdf_example/install/urdf_example
[0.184s] -- The C compiler identification is GNU 11.4.0
[0.320s] -- The CXX compiler identification is GNU 11.4.0
[0.334s] -- Detecting C compiler ABI info
[0.415s] -- Detecting C compiler ABI info - done
[0.426s] -- Check for working C compiler: /usr/bin/cc - skipped
[0.426s] -- Detecting C compile features
[0.428s] -- Detecting C compile features - done
[0.434s] -- Detecting CXX compiler ABI info
[0.529s] -- Detecting CXX compiler ABI info - done
[0.540s] -- Check for working CXX compiler: /usr/bin/c++ - skipped
[0.540s] -- Detecting CXX compile features
[0.541s] -- Detecting CXX compile features - done
[0.548s] -- Found ament_cmake: 1.3.5 (/opt/ros/humble/share/ament_cmake/cmake)
[0.741s] -- Found Python3: /usr/bin/python3.10 (found version "3.10.12") found components: Interpreter 
[0.855s] -- Found ament_lint_auto: 0.12.7 (/opt/ros/humble/share/ament_lint_auto/cmake)
[0.949s] -- Added test 'copyright' to check source files copyright and LICENSE
[0.971s] -- Added test 'cppcheck' to perform static code analysis on C / C++ code
[0.972s] -- Configured cppcheck include dirs: 
[0.972s] -- Configured cppcheck exclude dirs and/or files: 
[1.000s] -- Added test 'cpplint' to check C / C++ code against the Google style
[1.000s] -- Configured cpplint exclude dirs and/or files: 
[1.006s] -- Added test 'flake8' to check Python code syntax and style conventions
[1.012s] -- Added test 'lint_cmake' to check CMake code style
[1.016s] -- Added test 'pep257' to check Python code against some of the docstring style conventions in PEP 257
[1.040s] -- Added test 'uncrustify' to check C / C++ code style
[1.040s] -- Configured uncrustify additional arguments: 
[1.045s] -- Added test 'xmllint' to check XML markup files
[1.048s] -- Configuring done
[1.053s] -- Generating done
[1.054s] -- Build files have been written to: /home/putacrot/Documents/Putarm/urdf_example/build/urdf_example
[1.062s] Invoked command in '/home/putacrot/Documents/Putarm/urdf_example/build/urdf_example' returned '0': CMAKE_PREFIX_PATH=/home/putacrot/Documents/Putarm/PutArm_ros2/install/urdf_publisher:/opt/ros/humble /usr/bin/cmake /home/putacrot/Documents/Putarm/urdf_example -DCMAKE_INSTALL_PREFIX=/home/putacrot/Documents/Putarm/urdf_example/install/urdf_example
[1.064s] Invoking command in '/home/putacrot/Documents/Putarm/urdf_example/build/urdf_example': CMAKE_PREFIX_PATH=/home/putacrot/Documents/Putarm/PutArm_ros2/install/urdf_publisher:/opt/ros/humble /usr/bin/cmake --build /home/putacrot/Documents/Putarm/urdf_example/build/urdf_example -- -j4 -l4
[1.104s] Invoked command in '/home/putacrot/Documents/Putarm/urdf_example/build/urdf_example' returned '0': CMAKE_PREFIX_PATH=/home/putacrot/Documents/Putarm/PutArm_ros2/install/urdf_publisher:/opt/ros/humble /usr/bin/cmake --build /home/putacrot/Documents/Putarm/urdf_example/build/urdf_example -- -j4 -l4
[1.138s] Invoking command in '/home/putacrot/Documents/Putarm/urdf_example/build/urdf_example': CMAKE_PREFIX_PATH=/home/putacrot/Documents/Putarm/PutArm_ros2/install/urdf_publisher:/opt/ros/humble /usr/bin/cmake --install /home/putacrot/Documents/Putarm/urdf_example/build/urdf_example
[1.146s] -- Install configuration: ""
[1.146s] -- Up-to-date: /home/putacrot/Documents/Putarm/urdf_example/install/urdf_example/share/urdf_example/description
[1.146s] -- Up-to-date: /home/putacrot/Documents/Putarm/urdf_example/install/urdf_example/share/urdf_example/description/PutArmiurdf.gazebo
[1.146s] -- Up-to-date: /home/putacrot/Documents/Putarm/urdf_example/install/urdf_example/share/urdf_example/description/example_gazebo.xacro
[1.146s] -- Up-to-date: /home/putacrot/Documents/Putarm/urdf_example/install/urdf_example/share/urdf_example/description/example_include.xacro
[1.147s] -- Up-to-date: /home/putacrot/Documents/Putarm/urdf_example/install/urdf_example/share/urdf_example/description/example_robot.urdf.xacro
[1.147s] -- Up-to-date: /home/putacrot/Documents/Putarm/urdf_example/install/urdf_example/share/urdf_example/description/materials.xacro
[1.147s] -- Up-to-date: /home/putacrot/Documents/Putarm/urdf_example/install/urdf_example/share/urdf_example/description/PutArmiurdf.trans
[1.147s] -- Up-to-date: /home/putacrot/Documents/Putarm/urdf_example/install/urdf_example/share/urdf_example/launch
[1.147s] -- Up-to-date: /home/putacrot/Documents/Putarm/urdf_example/install/urdf_example/share/urdf_example/launch/rsp.launch.py
[1.147s] -- Up-to-date: /home/putacrot/Documents/Putarm/urdf_example/install/urdf_example/share/urdf_example/launch/rsp_sim.launch.py
[1.147s] -- Up-to-date: /home/putacrot/Documents/Putarm/urdf_example/install/urdf_example/share/urdf_example/worlds
[1.147s] -- Up-to-date: /home/putacrot/Documents/Putarm/urdf_example/install/urdf_example/share/urdf_example/worlds/test_world.world
[1.147s] -- Up-to-date: /home/putacrot/Documents/Putarm/urdf_example/install/urdf_example/share/urdf_example/meshes
[1.147s] -- Up-to-date: /home/putacrot/Documents/Putarm/urdf_example/install/urdf_example/share/urdf_example/meshes/base_link.stl
[1.148s] -- Up-to-date: /home/putacrot/Documents/Putarm/urdf_example/install/urdf_example/share/urdf_example/meshes/2_AXIS_2_1.stl
[1.148s] -- Up-to-date: /home/putacrot/Documents/Putarm/urdf_example/install/urdf_example/share/urdf_example/meshes/1_AXIS_1_1.stl
[1.148s] -- Up-to-date: /home/putacrot/Documents/Putarm/urdf_example/install/urdf_example/share/urdf_example/meshes/3_AXIS_3_1.stl
[1.148s] -- Up-to-date: /home/putacrot/Documents/Putarm/urdf_example/install/urdf_example/share/urdf_example/meshes/4_AXIS_4_1.stl
[1.148s] -- Installing: /home/putacrot/Documents/Putarm/urdf_example/install/urdf_example/share/ament_index/resource_index/package_run_dependencies/urdf_example
[1.148s] -- Installing: /home/putacrot/Documents/Putarm/urdf_example/install/urdf_example/share/ament_index/resource_index/parent_prefix_path/urdf_example
[1.148s] -- Up-to-date: /home/putacrot/Documents/Putarm/urdf_example/install/urdf_example/share/urdf_example/environment/ament_prefix_path.sh
[1.148s] -- Installing: /home/putacrot/Documents/Putarm/urdf_example/install/urdf_example/share/urdf_example/environment/ament_prefix_path.dsv
[1.148s] -- Up-to-date: /home/putacrot/Documents/Putarm/urdf_example/install/urdf_example/share/urdf_example/environment/path.sh
[1.148s] -- Installing: /home/putacrot/Documents/Putarm/urdf_example/install/urdf_example/share/urdf_example/environment/path.dsv
[1.148s] -- Installing: /home/putacrot/Documents/Putarm/urdf_example/install/urdf_example/share/urdf_example/local_setup.bash
[1.149s] -- Installing: /home/putacrot/Documents/Putarm/urdf_example/install/urdf_example/share/urdf_example/local_setup.sh
[1.149s] -- Installing: /home/putacrot/Documents/Putarm/urdf_example/install/urdf_example/share/urdf_example/local_setup.zsh
[1.149s] -- Installing: /home/putacrot/Documents/Putarm/urdf_example/install/urdf_example/share/urdf_example/local_setup.dsv
[1.149s] -- Installing: /home/putacrot/Documents/Putarm/urdf_example/install/urdf_example/share/urdf_example/package.dsv
[1.149s] -- Installing: /home/putacrot/Documents/Putarm/urdf_example/install/urdf_example/share/ament_index/resource_index/packages/urdf_example
[1.149s] -- Installing: /home/putacrot/Documents/Putarm/urdf_example/install/urdf_example/share/urdf_example/cmake/urdf_exampleConfig.cmake
[1.149s] -- Installing: /home/putacrot/Documents/Putarm/urdf_example/install/urdf_example/share/urdf_example/cmake/urdf_exampleConfig-version.cmake
[1.150s] -- Up-to-date: /home/putacrot/Documents/Putarm/urdf_example/install/urdf_example/share/urdf_example/package.xml
[1.153s] Invoked command in '/home/putacrot/Documents/Putarm/urdf_example/build/urdf_example' returned '0': CMAKE_PREFIX_PATH=/home/putacrot/Documents/Putarm/PutArm_ros2/install/urdf_publisher:/opt/ros/humble /usr/bin/cmake --install /home/putacrot/Documents/Putarm/urdf_example/build/urdf_example
